2024-11-19 17:46:13 - INFO - Processing file: result_male-16_512.obj
2024-11-19 17:47:21 - INFO - The process of optimization took 32.731863021850586 seconds.
2024-11-19 17:48:33 - INFO - The process of texture extraction took 72.40797567367554 seconds.
2024-11-19 17:48:35 - INFO - The process of texture completion took 2.4536843299865723 seconds.
2024-11-19 17:48:35 - INFO - Processing file: result_female-19_512.obj
2024-11-19 17:49:35 - INFO - The process of optimization took 29.75136637687683 seconds.
2024-11-19 17:50:48 - INFO - The process of texture extraction took 73.00437331199646 seconds.
2024-11-19 17:50:51 - INFO - The process of texture completion took 2.677901268005371 seconds.
2024-11-19 17:50:51 - INFO - Processing file: result_male-25_512.obj
2024-11-19 17:52:06 - INFO - The process of optimization took 34.98828625679016 seconds.
2024-11-19 17:53:20 - INFO - The process of texture extraction took 73.51446771621704 seconds.
2024-11-19 17:53:22 - INFO - The process of texture completion took 2.4192984104156494 seconds.
2024-11-19 17:53:22 - INFO - Processing file: result_female-23_512.obj
2024-11-19 17:54:27 - INFO - The process of optimization took 35.20802688598633 seconds.
2024-11-19 17:55:40 - INFO - The process of texture extraction took 72.80607724189758 seconds.
2024-11-19 17:55:43 - INFO - The process of texture completion took 2.592345714569092 seconds.
2024-11-19 17:55:43 - INFO - Processing file: result_male-18_512.obj
2024-11-19 17:56:44 - INFO - The process of optimization took 29.231832027435303 seconds.
2024-11-19 17:57:57 - INFO - The process of texture extraction took 73.09407114982605 seconds.
2024-11-19 17:57:59 - INFO - The process of texture completion took 2.2533583641052246 seconds.
2024-11-19 17:57:59 - INFO - Processing file: result_female-32_512.obj
2024-11-19 17:59:04 - INFO - The process of optimization took 31.554431676864624 seconds.
2024-11-19 18:00:17 - INFO - The process of texture extraction took 72.90106201171875 seconds.
2024-11-19 18:00:20 - INFO - The process of texture completion took 2.5790717601776123 seconds.
2024-11-19 18:00:20 - INFO - Processing file: result_male-27_512.obj
2024-11-19 18:01:21 - INFO - The process of optimization took 31.083669662475586 seconds.
2024-11-19 18:02:34 - INFO - The process of texture extraction took 72.86702942848206 seconds.
2024-11-19 18:02:36 - INFO - The process of texture completion took 2.6184253692626953 seconds.
2024-11-19 18:02:36 - INFO - Processing file: result_male-22_512.obj
2024-11-19 18:03:39 - INFO - The process of optimization took 31.98672652244568 seconds.
2024-11-19 18:04:52 - INFO - The process of texture extraction took 72.89653086662292 seconds.
2024-11-19 18:04:54 - INFO - The process of texture completion took 2.509798526763916 seconds.
2024-11-19 18:04:54 - INFO - Processing file: result_male-20_512.obj
2024-11-19 18:05:59 - INFO - The process of optimization took 31.21829319000244 seconds.
2024-11-19 18:07:11 - INFO - The process of texture extraction took 72.28826451301575 seconds.
2024-11-19 18:07:14 - INFO - The process of texture completion took 2.44317364692688 seconds.
2024-11-19 18:07:14 - INFO - Processing file: result_female-28_512.obj
2024-11-19 18:08:20 - INFO - The process of optimization took 29.709341287612915 seconds.
2024-11-19 18:09:32 - INFO - The process of texture extraction took 72.43583035469055 seconds.
2024-11-19 18:09:34 - INFO - The process of texture completion took 1.9091110229492188 seconds.
2024-11-19 18:09:34 - INFO - Processing file: result_male-26_512.obj
2024-11-19 18:10:37 - INFO - The process of optimization took 30.74564790725708 seconds.
2024-11-19 18:11:48 - INFO - The process of texture extraction took 71.94392013549805 seconds.
2024-11-19 18:11:51 - INFO - The process of texture completion took 2.580064296722412 seconds.
2024-11-19 18:11:51 - INFO - Processing file: result_female-21_512.obj
2024-11-19 18:12:54 - INFO - The process of optimization took 30.093608617782593 seconds.
2024-11-19 18:14:07 - INFO - The process of texture extraction took 72.36436128616333 seconds.
2024-11-19 18:14:09 - INFO - The process of texture completion took 2.533876419067383 seconds.
2024-11-19 18:14:09 - INFO - Processing file: result_female-33_512.obj
2024-11-19 18:15:12 - INFO - The process of optimization took 29.625330209732056 seconds.
2024-11-19 18:16:25 - INFO - The process of texture extraction took 72.45178437232971 seconds.
2024-11-19 18:16:27 - INFO - The process of texture completion took 2.4641494750976562 seconds.
2024-11-19 18:16:27 - INFO - Processing file: result_female-24_512.obj
2024-11-19 18:17:31 - INFO - The process of optimization took 29.81863808631897 seconds.
2024-11-19 18:18:43 - INFO - The process of texture extraction took 72.67131996154785 seconds.
2024-11-19 18:18:46 - INFO - The process of texture completion took 2.7391505241394043 seconds.
2024-11-19 18:18:46 - INFO - Processing file: result_male-34_512.obj
2024-11-19 18:19:48 - INFO - The process of optimization took 31.438371419906616 seconds.
2024-11-19 18:21:01 - INFO - The process of texture extraction took 72.56322646141052 seconds.
2024-11-19 18:21:03 - INFO - The process of texture completion took 2.6406447887420654 seconds.
2024-11-19 18:21:03 - INFO - Processing file: result_male-30_512.obj
2024-11-19 18:22:05 - INFO - The process of optimization took 29.26791214942932 seconds.
2024-11-19 18:23:18 - INFO - The process of texture extraction took 72.81413507461548 seconds.
2024-11-19 18:23:21 - INFO - The process of texture completion took 2.5384232997894287 seconds.
2024-11-19 18:23:21 - INFO - Processing file: result_male-35_512.obj
2024-11-19 18:24:23 - INFO - The process of optimization took 30.82632613182068 seconds.
2024-11-19 18:25:36 - INFO - The process of texture extraction took 73.10630369186401 seconds.
2024-11-19 18:25:39 - INFO - The process of texture completion took 2.500563383102417 seconds.
2024-11-19 18:25:39 - INFO - Processing file: result_male-17_512.obj
2024-11-19 18:26:44 - INFO - The process of optimization took 29.843064069747925 seconds.
2024-11-19 18:27:58 - INFO - The process of texture extraction took 73.9082100391388 seconds.
2024-11-19 18:28:00 - INFO - The process of texture completion took 2.2056379318237305 seconds.
2024-11-19 18:28:00 - INFO - Processing file: result_female-31_512.obj
2024-11-19 18:29:01 - INFO - The process of optimization took 28.880854606628418 seconds.
2024-11-19 18:30:14 - INFO - The process of texture extraction took 72.61739540100098 seconds.
2024-11-19 18:30:16 - INFO - The process of texture completion took 2.3682305812835693 seconds.
2024-11-19 18:30:16 - INFO - Processing file: result_female-29_512.obj
2024-11-19 18:31:17 - INFO - The process of optimization took 29.019606113433838 seconds.
2024-11-19 18:32:30 - INFO - The process of texture extraction took 72.85529828071594 seconds.
2024-11-19 18:32:33 - INFO - The process of texture completion took 2.5016965866088867 seconds.
